16:52:52,913 INFO  [org.eclipse.jetty.server.Server] jetty-8.1.9.v20130131
16:52:53,171 INFO  [/] Initializing Spring root WebApplicationContext
16:52:53,171 INFO  [org.springframework.web.context.ContextLoader] Root WebApplicationContext: initialization started
16:52:53,269 INFO  [org.springframework.web.context.support.XmlWebApplicationContext] Refreshing Root WebApplicationContext: startup date [Fri Jul 26 16:52:53 IST 2013]; root of context hierarchy
16:52:53,335 INFO  [org.springframework.beans.factory.xml.XmlBeanDefinitionReader] Loading XML bean definitions from ServletContext resource [/WEB-INF/spring/security-app-context.xml]
16:52:53,544 INFO  [org.springframework.beans.factory.xml.XmlBeanDefinitionReader] Loading XML bean definitions from ServletContext resource [/WEB-INF/spring/persistence-config.xml]
16:52:53,615 INFO  [org.springframework.security.core.SpringSecurityCoreVersion] You are running with Spring Security Core 3.1.3.RELEASE
16:52:53,615 INFO  [org.springframework.security.config.SecurityNamespaceHandler] Spring Security 'config' module version is 3.1.3.RELEASE
16:52:53,684 INFO  [org.springframework.security.config.http.HttpSecurityBeanDefinitionParser] Checking sorted filter chain: [Root bean: class [org.springframework.security.web.context.SecurityContextPersistenceFilter]; scope=; abstract=false; lazyInit=false; autowireMode=0; dependencyCheck=0; autowireCandidate=true; primary=false; factoryBeanName=null; factoryMethodName=null; initMethodName=null; destroyMethodName=null, order = 200, Root bean: class [org.springframework.security.web.authentication.logout.LogoutFilter]; scope=; abstract=false; lazyInit=false; autowireMode=0; dependencyCheck=0; autowireCandidate=true; primary=false; factoryBeanName=null; factoryMethodName=null; initMethodName=null; destroyMethodName=null, order = 400, <org.springframework.security.web.authentication.UsernamePasswordAuthenticationFilter#0>, order = 800, Root bean: class [org.springframework.security.web.authentication.www.BasicAuthenticationFilter]; scope=; abstract=false; lazyInit=false; autowireMode=0; dependencyCheck=0; autowireCandidate=true; primary=false; factoryBeanName=null; factoryMethodName=null; initMethodName=null; destroyMethodName=null, order = 1200, Root bean: class [org.springframework.security.web.savedrequest.RequestCacheAwareFilter]; scope=; abstract=false; lazyInit=false; autowireMode=0; dependencyCheck=0; autowireCandidate=true; primary=false; factoryBeanName=null; factoryMethodName=null; initMethodName=null; destroyMethodName=null, order = 1300, Root bean: class [org.springframework.security.web.servletapi.SecurityContextHolderAwareRequestFilter]; scope=; abstract=false; lazyInit=false; autowireMode=0; dependencyCheck=0; autowireCandidate=true; primary=false; factoryBeanName=null; factoryMethodName=null; initMethodName=null; destroyMethodName=null, order = 1400, Root bean: class [org.springframework.security.web.authentication.AnonymousAuthenticationFilter]; scope=; abstract=false; lazyInit=false; autowireMode=0; dependencyCheck=0; autowireCandidate=true; primary=false; factoryBeanName=null; factoryMethodName=null; initMethodName=null; destroyMethodName=null, order = 1700, Root bean: class [org.springframework.security.web.session.SessionManagementFilter]; scope=; abstract=false; lazyInit=false; autowireMode=0; dependencyCheck=0; autowireCandidate=true; primary=false; factoryBeanName=null; factoryMethodName=null; initMethodName=null; destroyMethodName=null, order = 1800, Root bean: class [org.springframework.security.web.access.ExceptionTranslationFilter]; scope=; abstract=false; lazyInit=false; autowireMode=0; dependencyCheck=0; autowireCandidate=true; primary=false; factoryBeanName=null; factoryMethodName=null; initMethodName=null; destroyMethodName=null, order = 1900, <org.springframework.security.web.access.intercept.FilterSecurityInterceptor#0>, order = 2000]
16:52:53,861 INFO  [org.springframework.beans.factory.config.PropertyPlaceholderConfigurer] Loading properties file from class path resource [database.properties]
16:52:53,887 INFO  [org.springframework.beans.factory.support.DefaultListableBeanFactory] Pre-instantiating singletons in org.springframework.beans.factory.support.DefaultListableBeanFactory@60cf3fb3: defining beans [org.springframework.context.annotation.internalConfigurationAnnotationProcessor,org.springframework.context.annotation.internalAutowiredAnnotationProcessor,org.springframework.context.annotation.internalRequiredAnnotationProcessor,org.springframework.context.annotation.internalCommonAnnotationProcessor,org.springframework.context.annotation.internalPersistenceAnnotationProcessor,propertyPlaceholderConfigurer,myDataSource,org.springframework.security.filterChains,org.springframework.security.filterChainProxy,org.springframework.security.web.PortMapperImpl#0,org.springframework.security.web.PortResolverImpl#0,org.springframework.security.config.authentication.AuthenticationManagerFactoryBean#0,org.springframework.security.authentication.ProviderManager#0,org.springframework.security.web.context.HttpSessionSecurityContextRepository#0,org.springframework.security.web.authentication.session.SessionFixationProtectionStrategy#0,org.springframework.security.web.savedrequest.HttpSessionRequestCache#0,org.springframework.security.access.vote.AffirmativeBased#0,org.springframework.security.web.access.intercept.FilterSecurityInterceptor#0,org.springframework.security.web.access.DefaultWebInvocationPrivilegeEvaluator#0,org.springframework.security.authentication.AnonymousAuthenticationProvider#0,org.springframework.security.web.authentication.www.BasicAuthenticationEntryPoint#0,org.springframework.security.web.authentication.UsernamePasswordAuthenticationFilter#0,org.springframework.security.userDetailsServiceFactory,org.springframework.security.web.DefaultSecurityFilterChain#0,org.springframework.security.provisioning.JdbcUserDetailsManager#0,org.springframework.security.authentication.dao.DaoAuthenticationProvider#0,org.springframework.security.authentication.DefaultAuthenticationEventPublisher#0,org.springframework.security.authenticationManager,org.springframework.context.annotation.ConfigurationClassPostProcessor.importAwareProcessor]; root of factory hierarchy
16:52:53,905 INFO  [org.springframework.jdbc.datasource.DriverManagerDataSource] Loaded JDBC driver: org.postgresql.Driver
16:52:54,048 INFO  [org.springframework.security.provisioning.JdbcUserDetailsManager] No authentication manager set. Reauthentication of users when changing passwords will not be performed.
16:52:54,166 INFO  [org.springframework.security.web.DefaultSecurityFilterChain] Creating filter chain: org.springframework.security.web.util.AnyRequestMatcher@1, [org.springframework.security.web.context.SecurityContextPersistenceFilter@29bb22a0, org.springframework.security.web.authentication.logout.LogoutFilter@3cde4bc7, org.springframework.security.web.authentication.UsernamePasswordAuthenticationFilter@26411509, org.springframework.security.web.authentication.www.BasicAuthenticationFilter@7acc157d, org.springframework.security.web.savedrequest.RequestCacheAwareFilter@6c970086, org.springframework.security.web.servletapi.SecurityContextHolderAwareRequestFilter@2da3951c, org.springframework.security.web.authentication.AnonymousAuthenticationFilter@4e9278ac, org.springframework.security.web.session.SessionManagementFilter@72308c80, org.springframework.security.web.access.ExceptionTranslationFilter@51586211, org.springframework.security.web.access.intercept.FilterSecurityInterceptor@18e73d0]
16:52:54,184 INFO  [org.springframework.security.config.http.DefaultFilterChainValidator] Checking whether login URL '/login' is accessible with your configuration
16:52:54,201 INFO  [org.springframework.web.context.ContextLoader] Root WebApplicationContext: initialization completed in 1030 ms
16:52:54,297 INFO  [org.eclipse.jetty.server.AbstractConnector] Started SelectChannelConnector@0.0.0.0:8080
16:53:12,728 INFO  [/] Initializing Spring FrameworkServlet 'Spring MVC Dispatcher Servlet'
16:53:12,728 INFO  [org.springframework.web.servlet.DispatcherServlet] FrameworkServlet 'Spring MVC Dispatcher Servlet': initialization started
16:53:12,731 INFO  [org.springframework.web.context.support.XmlWebApplicationContext] Refreshing WebApplicationContext for namespace 'Spring MVC Dispatcher Servlet-servlet': startup date [Fri Jul 26 16:53:12 IST 2013]; parent: Root WebApplicationContext
16:53:12,733 INFO  [org.springframework.beans.factory.xml.XmlBeanDefinitionReader] Loading XML bean definitions from ServletContext resource [/WEB-INF/spring/app-config.xml]
16:53:12,828 INFO  [org.springframework.beans.factory.xml.XmlBeanDefinitionReader] Loading XML bean definitions from ServletContext resource [/WEB-INF/spring/security-app-context.xml]
16:53:12,864 INFO  [org.springframework.beans.factory.xml.XmlBeanDefinitionReader] Loading XML bean definitions from ServletContext resource [/WEB-INF/spring/persistence-config.xml]
16:53:12,885 INFO  [org.springframework.security.config.SecurityNamespaceHandler] Spring Security 'config' module version is 3.1.3.RELEASE
16:53:12,888 INFO  [org.springframework.security.config.http.HttpSecurityBeanDefinitionParser] Checking sorted filter chain: [Root bean: class [org.springframework.security.web.context.SecurityContextPersistenceFilter]; scope=; abstract=false; lazyInit=false; autowireMode=0; dependencyCheck=0; autowireCandidate=true; primary=false; factoryBeanName=null; factoryMethodName=null; initMethodName=null; destroyMethodName=null, order = 200, Root bean: class [org.springframework.security.web.authentication.logout.LogoutFilter]; scope=; abstract=false; lazyInit=false; autowireMode=0; dependencyCheck=0; autowireCandidate=true; primary=false; factoryBeanName=null; factoryMethodName=null; initMethodName=null; destroyMethodName=null, order = 400, <org.springframework.security.web.authentication.UsernamePasswordAuthenticationFilter#0>, order = 800, Root bean: class [org.springframework.security.web.authentication.www.BasicAuthenticationFilter]; scope=; abstract=false; lazyInit=false; autowireMode=0; dependencyCheck=0; autowireCandidate=true; primary=false; factoryBeanName=null; factoryMethodName=null; initMethodName=null; destroyMethodName=null, order = 1200, Root bean: class [org.springframework.security.web.savedrequest.RequestCacheAwareFilter]; scope=; abstract=false; lazyInit=false; autowireMode=0; dependencyCheck=0; autowireCandidate=true; primary=false; factoryBeanName=null; factoryMethodName=null; initMethodName=null; destroyMethodName=null, order = 1300, Root bean: class [org.springframework.security.web.servletapi.SecurityContextHolderAwareRequestFilter]; scope=; abstract=false; lazyInit=false; autowireMode=0; dependencyCheck=0; autowireCandidate=true; primary=false; factoryBeanName=null; factoryMethodName=null; initMethodName=null; destroyMethodName=null, order = 1400, Root bean: class [org.springframework.security.web.authentication.AnonymousAuthenticationFilter]; scope=; abstract=false; lazyInit=false; autowireMode=0; dependencyCheck=0; autowireCandidate=true; primary=false; factoryBeanName=null; factoryMethodName=null; initMethodName=null; destroyMethodName=null, order = 1700, Root bean: class [org.springframework.security.web.session.SessionManagementFilter]; scope=; abstract=false; lazyInit=false; autowireMode=0; dependencyCheck=0; autowireCandidate=true; primary=false; factoryBeanName=null; factoryMethodName=null; initMethodName=null; destroyMethodName=null, order = 1800, Root bean: class [org.springframework.security.web.access.ExceptionTranslationFilter]; scope=; abstract=false; lazyInit=false; autowireMode=0; dependencyCheck=0; autowireCandidate=true; primary=false; factoryBeanName=null; factoryMethodName=null; initMethodName=null; destroyMethodName=null, order = 1900, <org.springframework.security.web.access.intercept.FilterSecurityInterceptor#0>, order = 2000]
16:53:12,889 INFO  [org.springframework.beans.factory.xml.XmlBeanDefinitionReader] Loading XML bean definitions from ServletContext resource [/WEB-INF/spring/persistence-config.xml]
16:53:12,911 INFO  [org.springframework.beans.factory.support.DefaultListableBeanFactory] Overriding bean definition for bean 'propertyPlaceholderConfigurer': replacing [Generic bean: class [org.springframework.beans.factory.config.PropertyPlaceholderConfigurer]; scope=; abstract=false; lazyInit=false; autowireMode=0; dependencyCheck=0; autowireCandidate=true; primary=false; factoryBeanName=null; factoryMethodName=null; initMethodName=null; destroyMethodName=null; defined in ServletContext resource [/WEB-INF/spring/persistence-config.xml]] with [Generic bean: class [org.springframework.beans.factory.config.PropertyPlaceholderConfigurer]; scope=; abstract=false; lazyInit=false; autowireMode=0; dependencyCheck=0; autowireCandidate=true; primary=false; factoryBeanName=null; factoryMethodName=null; initMethodName=null; destroyMethodName=null; defined in ServletContext resource [/WEB-INF/spring/persistence-config.xml]]
16:53:12,912 INFO  [org.springframework.beans.factory.support.DefaultListableBeanFactory] Overriding bean definition for bean 'myDataSource': replacing [Generic bean: class [org.springframework.jdbc.datasource.DriverManagerDataSource]; scope=; abstract=false; lazyInit=false; autowireMode=0; dependencyCheck=0; autowireCandidate=true; primary=false; factoryBeanName=null; factoryMethodName=null; initMethodName=null; destroyMethodName=null; defined in ServletContext resource [/WEB-INF/spring/persistence-config.xml]] with [Generic bean: class [org.springframework.jdbc.datasource.DriverManagerDataSource]; scope=; abstract=false; lazyInit=false; autowireMode=0; dependencyCheck=0; autowireCandidate=true; primary=false; factoryBeanName=null; factoryMethodName=null; initMethodName=null; destroyMethodName=null; defined in ServletContext resource [/WEB-INF/spring/persistence-config.xml]]
16:53:12,912 INFO  [org.springframework.beans.factory.xml.XmlBeanDefinitionReader] Loading XML bean definitions from ServletContext resource [/WEB-INF/spring/mvc-config.xml]
16:53:13,062 INFO  [org.springframework.beans.factory.config.PropertyPlaceholderConfigurer] Loading properties file from class path resource [database.properties]
16:53:13,089 INFO  [org.springframework.beans.factory.support.DefaultListableBeanFactory] Pre-instantiating singletons in org.springframework.beans.factory.support.DefaultListableBeanFactory@3905841f: defining beans [accountController,adminController,homeController,itemController,loginController,reserveController,userProfileController,org.springframework.context.annotation.internalConfigurationAnnotationProcessor,org.springframework.context.annotation.internalAutowiredAnnotationProcessor,org.springframework.context.annotation.internalRequiredAnnotationProcessor,org.springframework.context.annotation.internalCommonAnnotationProcessor,org.springframework.context.annotation.internalPersistenceAnnotationProcessor,validator,propertyPlaceholderConfigurer,myDataSource,org.springframework.security.filterChains,org.springframework.security.filterChainProxy,org.springframework.security.web.PortMapperImpl#0,org.springframework.security.web.PortResolverImpl#0,org.springframework.security.config.authentication.AuthenticationManagerFactoryBean#0,org.springframework.security.authentication.ProviderManager#0,org.springframework.security.web.context.HttpSessionSecurityContextRepository#0,org.springframework.security.web.authentication.session.SessionFixationProtectionStrategy#0,org.springframework.security.web.savedrequest.HttpSessionRequestCache#0,org.springframework.security.access.vote.AffirmativeBased#0,org.springframework.security.web.access.intercept.FilterSecurityInterceptor#0,org.springframework.security.web.access.DefaultWebInvocationPrivilegeEvaluator#0,org.springframework.security.authentication.AnonymousAuthenticationProvider#0,org.springframework.security.web.authentication.www.BasicAuthenticationEntryPoint#0,org.springframework.security.web.authentication.UsernamePasswordAuthenticationFilter#0,org.springframework.security.userDetailsServiceFactory,org.springframework.security.web.DefaultSecurityFilterChain#0,org.springframework.security.provisioning.JdbcUserDetailsManager#0,org.springframework.security.authentication.dao.DaoAuthenticationProvider#0,org.springframework.security.authentication.DefaultAuthenticationEventPublisher#0,org.springframework.security.authenticationManager,mvcContentNegotiationManager,org.springframework.web.servlet.mvc.method.annotation.RequestMappingHandlerMapping#0,org.springframework.format.support.FormattingConversionServiceFactoryBean#0,org.springframework.validation.beanvalidation.LocalValidatorFactoryBean#0,org.springframework.web.servlet.mvc.method.annotation.RequestMappingHandlerAdapter#0,org.springframework.web.servlet.handler.MappedInterceptor#0,org.springframework.web.servlet.mvc.method.annotation.ExceptionHandlerExceptionResolver#0,org.springframework.web.servlet.mvc.annotation.ResponseStatusExceptionResolver#0,org.springframework.web.servlet.mvc.support.DefaultHandlerExceptionResolver#0,org.springframework.web.servlet.handler.BeanNameUrlHandlerMapping,org.springframework.web.servlet.mvc.HttpRequestHandlerAdapter,org.springframework.web.servlet.mvc.SimpleControllerHandlerAdapter,org.springframework.web.servlet.config.viewControllerHandlerMapping,org.springframework.web.servlet.resource.ResourceHttpRequestHandler#0,org.springframework.web.servlet.handler.SimpleUrlHandlerMapping#0,org.springframework.web.servlet.resource.ResourceHttpRequestHandler#1,org.springframework.web.servlet.handler.SimpleUrlHandlerMapping#1,org.springframework.web.servlet.resource.ResourceHttpRequestHandler#2,org.springframework.web.servlet.handler.SimpleUrlHandlerMapping#2,org.springframework.web.servlet.resource.ResourceHttpRequestHandler#3,org.springframework.web.servlet.handler.SimpleUrlHandlerMapping#3,org.springframework.web.servlet.resource.ResourceHttpRequestHandler#4,org.springframework.web.servlet.handler.SimpleUrlHandlerMapping#4,org.springframework.web.servlet.view.InternalResourceViewResolver#0,org.springframework.context.annotation.ConfigurationClassPostProcessor.importAwareProcessor]; parent: org.springframework.beans.factory.support.DefaultListableBeanFactory@60cf3fb3
16:53:13,228 DEBUG [org.apache.ibatis.logging.LogFactory] Logging initialized using 'class org.apache.ibatis.logging.slf4j.Slf4jImpl' adapter.
16:53:13,375 INFO  [org.hibernate.validator.util.Version] Hibernate Validator 4.2.0.Final
16:53:13,418 INFO  [org.springframework.jdbc.datasource.DriverManagerDataSource] Loaded JDBC driver: org.postgresql.Driver
16:53:13,439 INFO  [org.springframework.security.provisioning.JdbcUserDetailsManager] No authentication manager set. Reauthentication of users when changing passwords will not be performed.
16:53:13,470 INFO  [org.springframework.security.web.DefaultSecurityFilterChain] Creating filter chain: org.springframework.security.web.util.AnyRequestMatcher@1, [org.springframework.security.web.context.SecurityContextPersistenceFilter@8357fb2, org.springframework.security.web.authentication.logout.LogoutFilter@70528353, org.springframework.security.web.authentication.UsernamePasswordAuthenticationFilter@392bf7c1, org.springframework.security.web.authentication.www.BasicAuthenticationFilter@7596bd39, org.springframework.security.web.savedrequest.RequestCacheAwareFilter@7b61257e, org.springframework.security.web.servletapi.SecurityContextHolderAwareRequestFilter@26e4b27a, org.springframework.security.web.authentication.AnonymousAuthenticationFilter@70817b88, org.springframework.security.web.session.SessionManagementFilter@44d5576c, org.springframework.security.web.access.ExceptionTranslationFilter@125e96c2, org.springframework.security.web.access.intercept.FilterSecurityInterceptor@7ffba3f9]
16:53:13,475 INFO  [org.springframework.security.config.http.DefaultFilterChainValidator] Checking whether login URL '/login' is accessible with your configuration
16:53:13,535 INFO  [org.springframework.web.servlet.mvc.method.annotation.RequestMappingHandlerMapping] Mapped "{[/account/create],methods=[GET],params=[],headers=[],consumes=[],produces=[],custom=[]}" onto public org.springframework.web.servlet.ModelAndView com.trailblazers.freewheelers.web.AccountController.createAccountForm(org.springframework.ui.Model)
16:53:13,535 INFO  [org.springframework.web.servlet.mvc.method.annotation.RequestMappingHandlerMapping] Mapped "{[/account/create],methods=[POST],params=[],headers=[],consumes=[],produces=[],custom=[]}" onto public org.springframework.web.servlet.ModelAndView com.trailblazers.freewheelers.web.AccountController.processCreate(javax.servlet.http.HttpServletRequest) throws java.io.IOException
16:53:13,537 INFO  [org.springframework.web.servlet.mvc.method.annotation.RequestMappingHandlerMapping] Mapped "{[/admin],methods=[POST],params=[save=Save Changes],headers=[],consumes=[],produces=[],custom=[]}" onto public void com.trailblazers.freewheelers.web.AdminController.updateOrder(org.springframework.ui.Model,java.lang.String,java.lang.String,java.lang.String)
16:53:13,537 INFO  [org.springframework.web.servlet.mvc.method.annotation.RequestMappingHandlerMapping] Mapped "{[/admin],methods=[GET],params=[],headers=[],consumes=[],produces=[],custom=[]}" onto public void com.trailblazers.freewheelers.web.AdminController.get(org.springframework.ui.Model)
16:53:13,538 INFO  [org.springframework.web.servlet.mvc.method.annotation.RequestMappingHandlerMapping] Mapped "{[/],methods=[GET],params=[],headers=[],consumes=[],produces=[],custom=[]}" onto public java.lang.String com.trailblazers.freewheelers.web.HomeController.get(org.springframework.ui.Model,com.trailblazers.freewheelers.model.Item)
16:53:13,539 INFO  [org.springframework.web.servlet.mvc.method.annotation.RequestMappingHandlerMapping] Mapped "{[/item],methods=[POST],params=[],headers=[],consumes=[],produces=[],custom=[]}" onto public java.lang.String com.trailblazers.freewheelers.web.ItemController.post(org.springframework.ui.Model,com.trailblazers.freewheelers.model.Item)
16:53:13,539 INFO  [org.springframework.web.servlet.mvc.method.annotation.RequestMappingHandlerMapping] Mapped "{[/item],methods=[POST],params=[update=Update all enabled items],headers=[],consumes=[],produces=[],custom=[]}" onto public java.lang.String com.trailblazers.freewheelers.web.ItemController.updateItem(com.trailblazers.freewheelers.web.ItemGrid)
16:53:13,540 INFO  [org.springframework.web.servlet.mvc.method.annotation.RequestMappingHandlerMapping] Mapped "{[/item],methods=[POST],params=[delete=Delete all enabled items],headers=[],consumes=[],produces=[],custom=[]}" onto public java.lang.String com.trailblazers.freewheelers.web.ItemController.deleteItem(com.trailblazers.freewheelers.web.ItemGrid)
16:53:13,540 INFO  [org.springframework.web.servlet.mvc.method.annotation.RequestMappingHandlerMapping] Mapped "{[/item],methods=[GET],params=[],headers=[],consumes=[],produces=[],custom=[]}" onto public java.lang.String com.trailblazers.freewheelers.web.ItemController.get(org.springframework.ui.Model,com.trailblazers.freewheelers.model.Item)
16:53:13,541 INFO  [org.springframework.web.servlet.mvc.method.annotation.RequestMappingHandlerMapping] Mapped "{[/loginfailed],methods=[GET],params=[],headers=[],consumes=[],produces=[],custom=[]}" onto public java.lang.String com.trailblazers.freewheelers.web.LoginController.loginerror(org.springframework.ui.Model)
16:53:13,541 INFO  [org.springframework.web.servlet.mvc.method.annotation.RequestMappingHandlerMapping] Mapped "{[/403],methods=[],params=[],headers=[],consumes=[],produces=[],custom=[]}" onto public java.lang.String com.trailblazers.freewheelers.web.LoginController.accessDenied()
16:53:13,541 INFO  [org.springframework.web.servlet.mvc.method.annotation.RequestMappingHandlerMapping] Mapped "{[/login],methods=[GET],params=[],headers=[],consumes=[],produces=[],custom=[]}" onto public java.lang.String com.trailblazers.freewheelers.web.LoginController.login(org.springframework.ui.Model)
16:53:13,542 INFO  [org.springframework.web.servlet.mvc.method.annotation.RequestMappingHandlerMapping] Mapped "{[/logout],methods=[GET],params=[],headers=[],consumes=[],produces=[],custom=[]}" onto public java.lang.String com.trailblazers.freewheelers.web.LoginController.logout(org.springframework.ui.Model)
16:53:13,542 INFO  [org.springframework.web.servlet.mvc.method.annotation.RequestMappingHandlerMapping] Mapped "{[/reserve],methods=[GET],params=[],headers=[],consumes=[],produces=[],custom=[]}" onto public void com.trailblazers.freewheelers.web.ReserveController.get(org.springframework.ui.Model)
16:53:13,543 INFO  [org.springframework.web.servlet.mvc.method.annotation.RequestMappingHandlerMapping] Mapped "{[/reserve],methods=[POST],params=[reserve=Reserve Item],headers=[],consumes=[],produces=[],custom=[]}" onto public void com.trailblazers.freewheelers.web.ReserveController.reserveItem(org.springframework.ui.Model,java.security.Principal,com.trailblazers.freewheelers.model.Item)
16:53:13,544 INFO  [org.springframework.web.servlet.mvc.method.annotation.RequestMappingHandlerMapping] Mapped "{[/userProfile/{userName:.*}],methods=[GET],params=[],headers=[],consumes=[],produces=[],custom=[]}" onto public java.lang.String com.trailblazers.freewheelers.web.UserProfileController.get(java.lang.String,org.springframework.ui.Model,java.security.Principal)
16:53:13,544 INFO  [org.springframework.web.servlet.mvc.method.annotation.RequestMappingHandlerMapping] Mapped "{[/userProfile],methods=[GET],params=[],headers=[],consumes=[],produces=[],custom=[]}" onto public java.lang.String com.trailblazers.freewheelers.web.UserProfileController.get(org.springframework.ui.Model,java.security.Principal)
16:53:13,816 INFO  [org.springframework.web.servlet.handler.SimpleUrlHandlerMapping] Root mapping to handler of type [class org.springframework.web.servlet.mvc.ParameterizableViewController]
16:53:13,825 INFO  [org.springframework.web.servlet.handler.SimpleUrlHandlerMapping] Mapped URL path [/scripts/**] onto handler 'org.springframework.web.servlet.resource.ResourceHttpRequestHandler#0'
16:53:13,826 INFO  [org.springframework.web.servlet.handler.SimpleUrlHandlerMapping] Mapped URL path [/styles/**] onto handler 'org.springframework.web.servlet.resource.ResourceHttpRequestHandler#1'
16:53:13,828 INFO  [org.springframework.web.servlet.handler.SimpleUrlHandlerMapping] Mapped URL path [/images/**] onto handler 'org.springframework.web.servlet.resource.ResourceHttpRequestHandler#2'
16:53:13,829 INFO  [org.springframework.web.servlet.handler.SimpleUrlHandlerMapping] Mapped URL path [/humans.txt] onto handler 'org.springframework.web.servlet.resource.ResourceHttpRequestHandler#3'
16:53:13,830 INFO  [org.springframework.web.servlet.handler.SimpleUrlHandlerMapping] Mapped URL path [/favicon.ico] onto handler 'org.springframework.web.servlet.resource.ResourceHttpRequestHandler#4'
16:53:13,872 INFO  [org.springframework.web.servlet.DispatcherServlet] FrameworkServlet 'Spring MVC Dispatcher Servlet': initialization completed in 1144 ms
16:53:15,405 DEBUG [org.apache.ibatis.transaction.jdbc.JdbcTransaction] Openning JDBC Connection
16:53:15,438 DEBUG [com.trailblazers.freewheelers.mappers.ItemMapper.findAvailable] ooo Using Connection [org.postgresql.jdbc4.Jdbc4Connection@5a5adcb1]
16:53:15,445 DEBUG [com.trailblazers.freewheelers.mappers.ItemMapper.findAvailable] ==>  Preparing: SELECT item_id, name, price, type, quantity, description FROM item WHERE quantity > 0 
16:53:15,476 DEBUG [com.trailblazers.freewheelers.mappers.ItemMapper.findAvailable] ==> Parameters: 
16:53:16,531 DEBUG [com.trailblazers.freewheelers.mappers.ItemMapper.findAvailable] ooo Using Connection [org.postgresql.jdbc4.Jdbc4Connection@5a5adcb1]
16:53:16,531 DEBUG [com.trailblazers.freewheelers.mappers.ItemMapper.findAvailable] ==>  Preparing: SELECT item_id, name, price, type, quantity, description FROM item WHERE quantity > 0 
16:53:16,531 DEBUG [com.trailblazers.freewheelers.mappers.ItemMapper.findAvailable] ==> Parameters: 
16:53:17,319 DEBUG [com.trailblazers.freewheelers.mappers.ItemMapper.findAvailable] ooo Using Connection [org.postgresql.jdbc4.Jdbc4Connection@5a5adcb1]
16:53:17,319 DEBUG [com.trailblazers.freewheelers.mappers.ItemMapper.findAvailable] ==>  Preparing: SELECT item_id, name, price, type, quantity, description FROM item WHERE quantity > 0 
16:53:17,319 DEBUG [com.trailblazers.freewheelers.mappers.ItemMapper.findAvailable] ==> Parameters: 
16:53:17,811 DEBUG [org.apache.ibatis.transaction.jdbc.JdbcTransaction] Openning JDBC Connection
16:53:17,815 DEBUG [com.trailblazers.freewheelers.mappers.AccountMapper.insert] ooo Using Connection [org.postgresql.jdbc4.Jdbc4Connection@2949b161]
16:53:17,815 DEBUG [com.trailblazers.freewheelers.mappers.AccountMapper.insert] ==>  Preparing: INSERT INTO account (account_name, email_address, password, phone_number, enabled) VALUES (?, ?, ?, ?, ?) 
16:53:17,816 DEBUG [com.trailblazers.freewheelers.mappers.AccountMapper.insert] ==> Parameters: Jan Plewka(String), somebody@something.de(String), secret(String), 555-123456(String), true(Boolean)
16:53:17,818 DEBUG [com.trailblazers.freewheelers.mappers.AccountRoleMapper.insert] ooo Using Connection [org.postgresql.jdbc4.Jdbc4Connection@2949b161]
16:53:17,819 DEBUG [com.trailblazers.freewheelers.mappers.AccountRoleMapper.insert] ==>  Preparing: INSERT INTO account_role (account_name, role) VALUES (?, ?) 
16:53:17,819 DEBUG [com.trailblazers.freewheelers.mappers.AccountRoleMapper.insert] ==> Parameters: Jan Plewka(String), ROLE_USER(String)
16:53:17,820 DEBUG [org.apache.ibatis.transaction.jdbc.JdbcTransaction] Committing JDBC Connection [org.postgresql.jdbc4.Jdbc4Connection@2949b161]
16:53:18,158 DEBUG [com.trailblazers.freewheelers.mappers.ItemMapper.findAvailable] ooo Using Connection [org.postgresql.jdbc4.Jdbc4Connection@5a5adcb1]
16:53:18,158 DEBUG [com.trailblazers.freewheelers.mappers.ItemMapper.findAvailable] ==>  Preparing: SELECT item_id, name, price, type, quantity, description FROM item WHERE quantity > 0 
16:53:18,158 DEBUG [com.trailblazers.freewheelers.mappers.ItemMapper.findAvailable] ==> Parameters: 
16:53:18,472 DEBUG [org.apache.ibatis.transaction.jdbc.JdbcTransaction] Openning JDBC Connection
16:53:18,476 DEBUG [com.trailblazers.freewheelers.mappers.AccountMapper.getByName] ooo Using Connection [org.postgresql.jdbc4.Jdbc4Connection@2cb60b54]
16:53:18,476 DEBUG [com.trailblazers.freewheelers.mappers.AccountMapper.getByName] ==>  Preparing: SELECT account_id, account_name, email_address, password, phone_number, enabled FROM account WHERE account_name = ? LIMIT 1 
16:53:18,476 DEBUG [com.trailblazers.freewheelers.mappers.AccountMapper.getByName] ==> Parameters: Jan Plewka(String)
16:53:18,479 DEBUG [org.apache.ibatis.transaction.jdbc.JdbcTransaction] Openning JDBC Connection
16:53:18,483 DEBUG [com.trailblazers.freewheelers.mappers.ReserveOrderMapper.findAllFor] ooo Using Connection [org.postgresql.jdbc4.Jdbc4Connection@140b4870]
16:53:18,483 DEBUG [com.trailblazers.freewheelers.mappers.ReserveOrderMapper.findAllFor] ==>  Preparing: SELECT order_id, account_id, item_id, status, note, reservation_timestamp FROM reserve_order WHERE account_id=? 
16:53:18,483 DEBUG [com.trailblazers.freewheelers.mappers.ReserveOrderMapper.findAllFor] ==> Parameters: 10(Long)
16:53:18,942 DEBUG [com.trailblazers.freewheelers.mappers.ItemMapper.findAvailable] ooo Using Connection [org.postgresql.jdbc4.Jdbc4Connection@5a5adcb1]
16:53:18,942 DEBUG [com.trailblazers.freewheelers.mappers.ItemMapper.findAvailable] ==>  Preparing: SELECT item_id, name, price, type, quantity, description FROM item WHERE quantity > 0 
16:53:18,942 DEBUG [com.trailblazers.freewheelers.mappers.ItemMapper.findAvailable] ==> Parameters: 
16:53:19,560 DEBUG [com.trailblazers.freewheelers.mappers.AccountMapper.getByName] ooo Using Connection [org.postgresql.jdbc4.Jdbc4Connection@2cb60b54]
16:53:19,560 DEBUG [com.trailblazers.freewheelers.mappers.AccountMapper.getByName] ==>  Preparing: SELECT account_id, account_name, email_address, password, phone_number, enabled FROM account WHERE account_name = ? LIMIT 1 
16:53:19,560 DEBUG [com.trailblazers.freewheelers.mappers.AccountMapper.getByName] ==> Parameters: Hugo Huser(String)
16:53:19,562 DEBUG [com.trailblazers.freewheelers.mappers.ReserveOrderMapper.findAllFor] ooo Using Connection [org.postgresql.jdbc4.Jdbc4Connection@140b4870]
16:53:19,562 DEBUG [com.trailblazers.freewheelers.mappers.ReserveOrderMapper.findAllFor] ==>  Preparing: SELECT order_id, account_id, item_id, status, note, reservation_timestamp FROM reserve_order WHERE account_id=? 
16:53:19,562 DEBUG [com.trailblazers.freewheelers.mappers.ReserveOrderMapper.findAllFor] ==> Parameters: 11(Long)
16:53:19,709 DEBUG [com.trailblazers.freewheelers.mappers.ReserveOrderMapper.findAllFor] ooo Using Connection [org.postgresql.jdbc4.Jdbc4Connection@140b4870]
16:53:19,709 DEBUG [com.trailblazers.freewheelers.mappers.ReserveOrderMapper.findAllFor] ==>  Preparing: SELECT order_id, account_id, item_id, status, note, reservation_timestamp FROM reserve_order WHERE account_id=? 
16:53:19,709 DEBUG [com.trailblazers.freewheelers.mappers.ReserveOrderMapper.findAllFor] ==> Parameters: 11(Long)
16:53:20,568 DEBUG [com.trailblazers.freewheelers.mappers.AccountMapper.getByName] ooo Using Connection [org.postgresql.jdbc4.Jdbc4Connection@2cb60b54]
16:53:20,569 DEBUG [com.trailblazers.freewheelers.mappers.AccountMapper.getByName] ==>  Preparing: SELECT account_id, account_name, email_address, password, phone_number, enabled FROM account WHERE account_name = ? LIMIT 1 
16:53:20,569 DEBUG [com.trailblazers.freewheelers.mappers.AccountMapper.getByName] ==> Parameters: Arno Admin(String)
16:53:20,570 DEBUG [com.trailblazers.freewheelers.mappers.ReserveOrderMapper.findAllFor] ooo Using Connection [org.postgresql.jdbc4.Jdbc4Connection@140b4870]
16:53:20,570 DEBUG [com.trailblazers.freewheelers.mappers.ReserveOrderMapper.findAllFor] ==>  Preparing: SELECT order_id, account_id, item_id, status, note, reservation_timestamp FROM reserve_order WHERE account_id=? 
16:53:20,570 DEBUG [com.trailblazers.freewheelers.mappers.ReserveOrderMapper.findAllFor] ==> Parameters: 12(Long)
16:53:20,725 DEBUG [org.apache.ibatis.transaction.jdbc.JdbcTransaction] Openning JDBC Connection
16:53:20,729 DEBUG [com.trailblazers.freewheelers.mappers.ReserveOrderMapper.findAll] ooo Using Connection [org.postgresql.jdbc4.Jdbc4Connection@73b4493c]
16:53:20,729 DEBUG [com.trailblazers.freewheelers.mappers.ReserveOrderMapper.findAll] ==>  Preparing: SELECT order_id, account_id, item_id, status, note, reservation_timestamp FROM reserve_order ORDER BY account_id 
16:53:20,729 DEBUG [com.trailblazers.freewheelers.mappers.ReserveOrderMapper.findAll] ==> Parameters: 
16:53:21,014 DEBUG [com.trailblazers.freewheelers.mappers.ReserveOrderMapper.findAllFor] ooo Using Connection [org.postgresql.jdbc4.Jdbc4Connection@140b4870]
16:53:21,014 DEBUG [com.trailblazers.freewheelers.mappers.ReserveOrderMapper.findAllFor] ==>  Preparing: SELECT order_id, account_id, item_id, status, note, reservation_timestamp FROM reserve_order WHERE account_id=? 
16:53:21,015 DEBUG [com.trailblazers.freewheelers.mappers.ReserveOrderMapper.findAllFor] ==> Parameters: 11(Long)
16:53:24,710 DEBUG [com.trailblazers.freewheelers.mappers.ReserveOrderMapper.findAllFor] ooo Using Connection [org.postgresql.jdbc4.Jdbc4Connection@140b4870]
16:53:24,710 DEBUG [com.trailblazers.freewheelers.mappers.ReserveOrderMapper.findAllFor] ==>  Preparing: SELECT order_id, account_id, item_id, status, note, reservation_timestamp FROM reserve_order WHERE account_id=? 
16:53:24,711 DEBUG [com.trailblazers.freewheelers.mappers.ReserveOrderMapper.findAllFor] ==> Parameters: 12(Long)
16:53:24,876 DEBUG [com.trailblazers.freewheelers.mappers.ReserveOrderMapper.findAll] ooo Using Connection [org.postgresql.jdbc4.Jdbc4Connection@73b4493c]
16:53:24,876 DEBUG [com.trailblazers.freewheelers.mappers.ReserveOrderMapper.findAll] ==>  Preparing: SELECT order_id, account_id, item_id, status, note, reservation_timestamp FROM reserve_order ORDER BY account_id 
16:53:24,877 DEBUG [com.trailblazers.freewheelers.mappers.ReserveOrderMapper.findAll] ==> Parameters: 
16:53:25,010 DEBUG [org.apache.ibatis.transaction.jdbc.JdbcTransaction] Openning JDBC Connection
16:53:25,015 DEBUG [com.trailblazers.freewheelers.mappers.ItemMapper.findAll] ooo Using Connection [org.postgresql.jdbc4.Jdbc4Connection@527843d5]
16:53:25,015 DEBUG [com.trailblazers.freewheelers.mappers.ItemMapper.findAll] ==>  Preparing: SELECT item_id, name, price, type, quantity, description FROM item 
16:53:25,015 DEBUG [com.trailblazers.freewheelers.mappers.ItemMapper.findAll] ==> Parameters: 
16:53:25,818 DEBUG [com.trailblazers.freewheelers.mappers.ItemMapper.findAll] ooo Using Connection [org.postgresql.jdbc4.Jdbc4Connection@527843d5]
16:53:25,818 DEBUG [com.trailblazers.freewheelers.mappers.ItemMapper.findAll] ==>  Preparing: SELECT item_id, name, price, type, quantity, description FROM item 
16:53:25,818 DEBUG [com.trailblazers.freewheelers.mappers.ItemMapper.findAll] ==> Parameters: 
16:53:26,262 DEBUG [com.trailblazers.freewheelers.mappers.ItemMapper.insert] ooo Using Connection [org.postgresql.jdbc4.Jdbc4Connection@527843d5]
16:53:26,262 DEBUG [com.trailblazers.freewheelers.mappers.ItemMapper.insert] ==>  Preparing: INSERT INTO item (description, name, price, type, quantity) VALUES (?, ?, ?, ?, ?) 
16:53:26,263 DEBUG [com.trailblazers.freewheelers.mappers.ItemMapper.insert] ==> Parameters: 4 x red, curved Arrow shape, screw fastening(String), Simplon Pavo 3 Ultra(String), 2899.00(BigDecimal), FRAME(String), 1000(Long)
16:53:26,264 DEBUG [org.apache.ibatis.transaction.jdbc.JdbcTransaction] Committing JDBC Connection [org.postgresql.jdbc4.Jdbc4Connection@527843d5]
16:53:26,269 DEBUG [com.trailblazers.freewheelers.mappers.ItemMapper.findAll] ooo Using Connection [org.postgresql.jdbc4.Jdbc4Connection@527843d5]
16:53:26,269 DEBUG [com.trailblazers.freewheelers.mappers.ItemMapper.findAll] ==>  Preparing: SELECT item_id, name, price, type, quantity, description FROM item 
16:53:26,269 DEBUG [com.trailblazers.freewheelers.mappers.ItemMapper.findAll] ==> Parameters: 
16:53:26,713 DEBUG [com.trailblazers.freewheelers.mappers.ItemMapper.insert] ooo Using Connection [org.postgresql.jdbc4.Jdbc4Connection@527843d5]
16:53:26,713 DEBUG [com.trailblazers.freewheelers.mappers.ItemMapper.insert] ==>  Preparing: INSERT INTO item (description, name, price, type, quantity) VALUES (?, ?, ?, ?, ?) 
16:53:26,714 DEBUG [com.trailblazers.freewheelers.mappers.ItemMapper.insert] ==> Parameters: 4 x red, curved Arrow shape, screw fastening(String), Spoke - Reflectors Arrow red(String), 2899.00(BigDecimal), ACCESSORIES(String), 1000(Long)
16:53:26,715 DEBUG [org.apache.ibatis.transaction.jdbc.JdbcTransaction] Committing JDBC Connection [org.postgresql.jdbc4.Jdbc4Connection@527843d5]
16:53:26,726 DEBUG [com.trailblazers.freewheelers.mappers.ItemMapper.findAll] ooo Using Connection [org.postgresql.jdbc4.Jdbc4Connection@527843d5]
16:53:26,726 DEBUG [com.trailblazers.freewheelers.mappers.ItemMapper.findAll] ==>  Preparing: SELECT item_id, name, price, type, quantity, description FROM item 
16:53:26,726 DEBUG [com.trailblazers.freewheelers.mappers.ItemMapper.findAll] ==> Parameters: 
16:53:27,037 DEBUG [com.trailblazers.freewheelers.mappers.ItemMapper.update] ooo Using Connection [org.postgresql.jdbc4.Jdbc4Connection@527843d5]
16:53:27,038 DEBUG [com.trailblazers.freewheelers.mappers.ItemMapper.update] ==>  Preparing: UPDATE item SET description=?, name=?, price=?, type=?, quantity=? WHERE item_id=? 
16:53:27,038 DEBUG [com.trailblazers.freewheelers.mappers.ItemMapper.update] ==> Parameters: 4 x red, curved Arrow shape, screw fastening(String), NEW - Simplon Pavo 3 Ultra(String), 2899.00(BigDecimal), FRAME(String), 1000(Long), 10(Long)
16:53:27,039 DEBUG [org.apache.ibatis.transaction.jdbc.JdbcTransaction] Committing JDBC Connection [org.postgresql.jdbc4.Jdbc4Connection@527843d5]
16:53:27,040 DEBUG [com.trailblazers.freewheelers.mappers.ItemMapper.update] ooo Using Connection [org.postgresql.jdbc4.Jdbc4Connection@527843d5]
16:53:27,041 DEBUG [com.trailblazers.freewheelers.mappers.ItemMapper.update] ==>  Preparing: UPDATE item SET description=?, name=?, price=?, type=?, quantity=? WHERE item_id=? 
16:53:27,041 DEBUG [com.trailblazers.freewheelers.mappers.ItemMapper.update] ==> Parameters: 4 x red, curved Arrow shape, screw fastening(String), Spoke - Reflectors Arrow red(String), 2899.00(BigDecimal), ACCESSORIES(String), 1000(Long), 11(Long)
16:53:27,042 DEBUG [org.apache.ibatis.transaction.jdbc.JdbcTransaction] Committing JDBC Connection [org.postgresql.jdbc4.Jdbc4Connection@527843d5]
16:53:27,046 DEBUG [com.trailblazers.freewheelers.mappers.ItemMapper.findAll] ooo Using Connection [org.postgresql.jdbc4.Jdbc4Connection@527843d5]
16:53:27,046 DEBUG [com.trailblazers.freewheelers.mappers.ItemMapper.findAll] ==>  Preparing: SELECT item_id, name, price, type, quantity, description FROM item 
16:53:27,046 DEBUG [com.trailblazers.freewheelers.mappers.ItemMapper.findAll] ==> Parameters: 
16:53:27,337 DEBUG [com.trailblazers.freewheelers.mappers.ItemMapper.update] ooo Using Connection [org.postgresql.jdbc4.Jdbc4Connection@527843d5]
16:53:27,337 DEBUG [com.trailblazers.freewheelers.mappers.ItemMapper.update] ==>  Preparing: UPDATE item SET description=?, name=?, price=?, type=?, quantity=? WHERE item_id=? 
16:53:27,337 DEBUG [com.trailblazers.freewheelers.mappers.ItemMapper.update] ==> Parameters: 4 x red, curved Arrow shape, screw fastening(String), NEW - Simplon Pavo 3 Ultra(String), 2899.00(BigDecimal), FRAME(String), 1000(Long), 10(Long)
16:53:27,338 DEBUG [org.apache.ibatis.transaction.jdbc.JdbcTransaction] Committing JDBC Connection [org.postgresql.jdbc4.Jdbc4Connection@527843d5]
16:53:27,339 DEBUG [com.trailblazers.freewheelers.mappers.ItemMapper.update] ooo Using Connection [org.postgresql.jdbc4.Jdbc4Connection@527843d5]
16:53:27,339 DEBUG [com.trailblazers.freewheelers.mappers.ItemMapper.update] ==>  Preparing: UPDATE item SET description=?, name=?, price=?, type=?, quantity=? WHERE item_id=? 
16:53:27,340 DEBUG [com.trailblazers.freewheelers.mappers.ItemMapper.update] ==> Parameters: 4 x red, curved Arrow shape, screw fastening(String), NEW - Spoke - Reflectors Arrow red(String), 2899.00(BigDecimal), ACCESSORIES(String), 1000(Long), 11(Long)
16:53:27,342 DEBUG [org.apache.ibatis.transaction.jdbc.JdbcTransaction] Committing JDBC Connection [org.postgresql.jdbc4.Jdbc4Connection@527843d5]
16:53:27,345 DEBUG [com.trailblazers.freewheelers.mappers.ItemMapper.findAll] ooo Using Connection [org.postgresql.jdbc4.Jdbc4Connection@527843d5]
16:53:27,345 DEBUG [com.trailblazers.freewheelers.mappers.ItemMapper.findAll] ==>  Preparing: SELECT item_id, name, price, type, quantity, description FROM item 
16:53:27,345 DEBUG [com.trailblazers.freewheelers.mappers.ItemMapper.findAll] ==> Parameters: 
16:53:27,588 DEBUG [com.trailblazers.freewheelers.mappers.ItemMapper.delete] ooo Using Connection [org.postgresql.jdbc4.Jdbc4Connection@527843d5]
16:53:27,588 DEBUG [com.trailblazers.freewheelers.mappers.ItemMapper.delete] ==>  Preparing: DELETE FROM item WHERE item_id = ? 
16:53:27,588 DEBUG [com.trailblazers.freewheelers.mappers.ItemMapper.delete] ==> Parameters: 10(Long)
16:53:27,589 DEBUG [org.apache.ibatis.transaction.jdbc.JdbcTransaction] Committing JDBC Connection [org.postgresql.jdbc4.Jdbc4Connection@527843d5]
16:53:27,592 DEBUG [com.trailblazers.freewheelers.mappers.ItemMapper.findAll] ooo Using Connection [org.postgresql.jdbc4.Jdbc4Connection@527843d5]
16:53:27,593 DEBUG [com.trailblazers.freewheelers.mappers.ItemMapper.findAll] ==>  Preparing: SELECT item_id, name, price, type, quantity, description FROM item 
16:53:27,593 DEBUG [com.trailblazers.freewheelers.mappers.ItemMapper.findAll] ==> Parameters: 
16:53:29,551 DEBUG [com.trailblazers.freewheelers.mappers.AccountMapper.getByName] ooo Using Connection [org.postgresql.jdbc4.Jdbc4Connection@2cb60b54]
16:53:29,551 DEBUG [com.trailblazers.freewheelers.mappers.AccountMapper.getByName] ==>  Preparing: SELECT account_id, account_name, email_address, password, phone_number, enabled FROM account WHERE account_name = ? LIMIT 1 
16:53:29,551 DEBUG [com.trailblazers.freewheelers.mappers.AccountMapper.getByName] ==> Parameters: Bob Buyer(String)
16:53:29,552 DEBUG [com.trailblazers.freewheelers.mappers.ReserveOrderMapper.findAllFor] ooo Using Connection [org.postgresql.jdbc4.Jdbc4Connection@140b4870]
16:53:29,552 DEBUG [com.trailblazers.freewheelers.mappers.ReserveOrderMapper.findAllFor] ==>  Preparing: SELECT order_id, account_id, item_id, status, note, reservation_timestamp FROM reserve_order WHERE account_id=? 
16:53:29,553 DEBUG [com.trailblazers.freewheelers.mappers.ReserveOrderMapper.findAllFor] ==> Parameters: 15(Long)
16:53:29,675 DEBUG [com.trailblazers.freewheelers.mappers.ItemMapper.findAvailable] ooo Using Connection [org.postgresql.jdbc4.Jdbc4Connection@5a5adcb1]
16:53:29,675 DEBUG [com.trailblazers.freewheelers.mappers.ItemMapper.findAvailable] ==>  Preparing: SELECT item_id, name, price, type, quantity, description FROM item WHERE quantity > 0 
16:53:29,675 DEBUG [com.trailblazers.freewheelers.mappers.ItemMapper.findAvailable] ==> Parameters: 
16:53:29,867 DEBUG [org.apache.ibatis.transaction.jdbc.JdbcTransaction] Openning JDBC Connection
16:53:29,871 DEBUG [com.trailblazers.freewheelers.mappers.ItemMapper.get] ooo Using Connection [org.postgresql.jdbc4.Jdbc4Connection@58648bda]
16:53:29,871 DEBUG [com.trailblazers.freewheelers.mappers.ItemMapper.get] ==>  Preparing: SELECT item_id as itemId, description, name, price, type, quantity FROM item WHERE item_id = ? 
16:53:29,871 DEBUG [com.trailblazers.freewheelers.mappers.ItemMapper.get] ==> Parameters: 12(Long)
16:53:29,873 DEBUG [org.apache.ibatis.transaction.jdbc.JdbcTransaction] Openning JDBC Connection
16:53:29,877 DEBUG [com.trailblazers.freewheelers.mappers.AccountMapper.getByName] ooo Using Connection [org.postgresql.jdbc4.Jdbc4Connection@12338e83]
16:53:29,878 DEBUG [com.trailblazers.freewheelers.mappers.AccountMapper.getByName] ==>  Preparing: SELECT account_id, account_name, email_address, password, phone_number, enabled FROM account WHERE account_name = ? LIMIT 1 
16:53:29,878 DEBUG [com.trailblazers.freewheelers.mappers.AccountMapper.getByName] ==> Parameters: Bob Buyer(String)
16:53:29,880 DEBUG [org.apache.ibatis.transaction.jdbc.JdbcTransaction] Openning JDBC Connection
16:53:29,885 DEBUG [com.trailblazers.freewheelers.mappers.ReserveOrderMapper.insert] ooo Using Connection [org.postgresql.jdbc4.Jdbc4Connection@24b9bfb7]
16:53:29,885 DEBUG [com.trailblazers.freewheelers.mappers.ReserveOrderMapper.insert] ==>  Preparing: INSERT INTO reserve_order (account_id, item_id, status, note, reservation_timestamp) VALUES (?, ?, ?, ?, ?) 
16:53:29,886 DEBUG [com.trailblazers.freewheelers.mappers.ReserveOrderMapper.insert] ==> Parameters: 15(Long), 12(Long), NEW(String), (String), 2013-07-26 16:53:29.88(Timestamp)
16:53:29,888 DEBUG [org.apache.ibatis.transaction.jdbc.JdbcTransaction] Committing JDBC Connection [org.postgresql.jdbc4.Jdbc4Connection@24b9bfb7]
16:53:29,889 DEBUG [com.trailblazers.freewheelers.mappers.ItemMapper.update] ooo Using Connection [org.postgresql.jdbc4.Jdbc4Connection@58648bda]
16:53:29,889 DEBUG [com.trailblazers.freewheelers.mappers.ItemMapper.update] ==>  Preparing: UPDATE item SET description=?, name=?, price=?, type=?, quantity=? WHERE item_id=? 
16:53:29,890 DEBUG [com.trailblazers.freewheelers.mappers.ItemMapper.update] ==> Parameters: A very nice item.(String), Simplon Pavo 3 Ultra(String), 49.99(BigDecimal), FRAME(String), 0(Long), 12(Long)
16:53:29,891 DEBUG [org.apache.ibatis.transaction.jdbc.JdbcTransaction] Committing JDBC Connection [org.postgresql.jdbc4.Jdbc4Connection@58648bda]
16:53:30,064 DEBUG [com.trailblazers.freewheelers.mappers.ItemMapper.findAvailable] ooo Using Connection [org.postgresql.jdbc4.Jdbc4Connection@5a5adcb1]
16:53:30,064 DEBUG [com.trailblazers.freewheelers.mappers.ItemMapper.findAvailable] ==>  Preparing: SELECT item_id, name, price, type, quantity, description FROM item WHERE quantity > 0 
16:53:30,064 DEBUG [com.trailblazers.freewheelers.mappers.ItemMapper.findAvailable] ==> Parameters: 
16:53:30,383 DEBUG [com.trailblazers.freewheelers.mappers.ReserveOrderMapper.findAllFor] ooo Using Connection [org.postgresql.jdbc4.Jdbc4Connection@140b4870]
16:53:30,383 DEBUG [com.trailblazers.freewheelers.mappers.ReserveOrderMapper.findAllFor] ==>  Preparing: SELECT order_id, account_id, item_id, status, note, reservation_timestamp FROM reserve_order WHERE account_id=? 
16:53:30,383 DEBUG [com.trailblazers.freewheelers.mappers.ReserveOrderMapper.findAllFor] ==> Parameters: 12(Long)
16:53:30,530 DEBUG [com.trailblazers.freewheelers.mappers.ReserveOrderMapper.findAll] ooo Using Connection [org.postgresql.jdbc4.Jdbc4Connection@73b4493c]
16:53:30,530 DEBUG [com.trailblazers.freewheelers.mappers.ReserveOrderMapper.findAll] ==>  Preparing: SELECT order_id, account_id, item_id, status, note, reservation_timestamp FROM reserve_order ORDER BY account_id 
16:53:30,531 DEBUG [com.trailblazers.freewheelers.mappers.ReserveOrderMapper.findAll] ==> Parameters: 
16:53:30,533 DEBUG [org.apache.ibatis.transaction.jdbc.JdbcTransaction] Openning JDBC Connection
16:53:30,538 DEBUG [com.trailblazers.freewheelers.mappers.AccountMapper.getById] ooo Using Connection [org.postgresql.jdbc4.Jdbc4Connection@189e6b3]
16:53:30,538 DEBUG [com.trailblazers.freewheelers.mappers.AccountMapper.getById] ==>  Preparing: SELECT account_id, account_name, email_address, password, phone_number, enabled FROM account WHERE account_id = ? 
16:53:30,538 DEBUG [com.trailblazers.freewheelers.mappers.AccountMapper.getById] ==> Parameters: 15(Long)
16:53:30,540 DEBUG [org.apache.ibatis.transaction.jdbc.JdbcTransaction] Openning JDBC Connection
16:53:30,545 DEBUG [com.trailblazers.freewheelers.mappers.ItemMapper.get] ooo Using Connection [org.postgresql.jdbc4.Jdbc4Connection@3aec8c9c]
16:53:30,545 DEBUG [com.trailblazers.freewheelers.mappers.ItemMapper.get] ==>  Preparing: SELECT item_id as itemId, description, name, price, type, quantity FROM item WHERE item_id = ? 
16:53:30,545 DEBUG [com.trailblazers.freewheelers.mappers.ItemMapper.get] ==> Parameters: 12(Long)
16:53:30,838 DEBUG [com.trailblazers.freewheelers.mappers.ReserveOrderMapper.get] ooo Using Connection [org.postgresql.jdbc4.Jdbc4Connection@73b4493c]
16:53:30,839 DEBUG [com.trailblazers.freewheelers.mappers.ReserveOrderMapper.get] ==>  Preparing: SELECT order_id, account_id, item_id, status, note, reservation_timestamp FROM reserve_order WHERE order_id = ? 
16:53:30,839 DEBUG [com.trailblazers.freewheelers.mappers.ReserveOrderMapper.get] ==> Parameters: 8(Long)
16:53:30,841 DEBUG [com.trailblazers.freewheelers.mappers.ReserveOrderMapper.save] ooo Using Connection [org.postgresql.jdbc4.Jdbc4Connection@73b4493c]
16:53:30,841 DEBUG [com.trailblazers.freewheelers.mappers.ReserveOrderMapper.save] ==>  Preparing: UPDATE reserve_order SET account_id=?, item_id=?, status=?, note=?, reservation_timestamp=? WHERE order_id=? 
16:53:30,841 DEBUG [com.trailblazers.freewheelers.mappers.ReserveOrderMapper.save] ==> Parameters: 15(Long), 12(Long), IN_PROGRESS(String), (String), 2013-07-26 16:53:29.88(Timestamp), 8(Long)
16:53:30,842 DEBUG [org.apache.ibatis.transaction.jdbc.JdbcTransaction] Committing JDBC Connection [org.postgresql.jdbc4.Jdbc4Connection@73b4493c]
16:53:30,843 DEBUG [com.trailblazers.freewheelers.mappers.ReserveOrderMapper.findAll] ooo Using Connection [org.postgresql.jdbc4.Jdbc4Connection@73b4493c]
16:53:30,843 DEBUG [com.trailblazers.freewheelers.mappers.ReserveOrderMapper.findAll] ==>  Preparing: SELECT order_id, account_id, item_id, status, note, reservation_timestamp FROM reserve_order ORDER BY account_id 
16:53:30,843 DEBUG [com.trailblazers.freewheelers.mappers.ReserveOrderMapper.findAll] ==> Parameters: 
